CLIENT_HANDSHAKE_TRAFFIC_SECRET ea5ea1f58a27807f439ba064951c9c68f0c3c1f1865700d12df57d36271570d7 24bf6048dba20aa53fceed49f9ca0e4f76dd8b3680af3299f2991ee9893af69d
SERVER_HANDSHAKE_TRAFFIC_SECRET ea5ea1f58a27807f439ba064951c9c68f0c3c1f1865700d12df57d36271570d7 1e89fb6afae003befa907eefa0b9e082d69afc1a751384228264133c3093c606
CLIENT_TRAFFIC_SECRET_0 ea5ea1f58a27807f439ba064951c9c68f0c3c1f1865700d12df57d36271570d7 1cb7d55b72d10694df800da310e696e5c3a7bf09e8c6dbb90d33260a89ff79ab
SERVER_TRAFFIC_SECRET_0 ea5ea1f58a27807f439ba064951c9c68f0c3c1f1865700d12df57d36271570d7 4993dc9b1edd4881943276e7c9d3993c78aba4f0ad91d8795998d0ddc09aa37d
EXPORTER_SECRET ea5ea1f58a27807f439ba064951c9c68f0c3c1f1865700d12df57d36271570d7 736de8a65ece6579307d0430103381bf543fb5054f3538b0bccabeea9ea5f934
CLIENT_HANDSHAKE_TRAFFIC_SECRET fdd9d0ad8e4f1e5344989519a4f18c304879f66a422c899fc977970735f5ca1b 72c64361e600e65d4da431707768a5752177afbbe48bfbc0cf7c245dc1f9bdfc
SERVER_HANDSHAKE_TRAFFIC_SECRET fdd9d0ad8e4f1e5344989519a4f18c304879f66a422c899fc977970735f5ca1b d105b14f39c84289316d9de763e3988f880d3582fc89e21dce5ac1c3ac837ac4
CLIENT_TRAFFIC_SECRET_0 fdd9d0ad8e4f1e5344989519a4f18c304879f66a422c899fc977970735f5ca1b e138e74350154a893aa876d6a13636d61c008cd395f470f62677621a535d84ee
SERVER_TRAFFIC_SECRET_0 fdd9d0ad8e4f1e5344989519a4f18c304879f66a422c899fc977970735f5ca1b df225f1f1fda14d8d506e3cfc15d3b70c708562ff2c583e905cdae40f7c82d32
EXPORTER_SECRET fdd9d0ad8e4f1e5344989519a4f18c304879f66a422c899fc977970735f5ca1b c5cfe992655a75b58b09e7a64095e4c8a0aaace46ebd1b5a84476e139a7c7ddf
CLIENT_HANDSHAKE_TRAFFIC_SECRET 75c542666b4dc8a4d08cf0c361b3b1bda1826f26962772ed5436cf7743b18e1f 494cf1ccc7a219b56ac395e26819383e8b4f3ded79d317655556914e580cf63e
SERVER_HANDSHAKE_TRAFFIC_SECRET 75c542666b4dc8a4d08cf0c361b3b1bda1826f26962772ed5436cf7743b18e1f 2f4592cedbd98bf58207f4654ace48fd2d4486dc773fee2065f91aafb18ac76b
CLIENT_TRAFFIC_SECRET_0 75c542666b4dc8a4d08cf0c361b3b1bda1826f26962772ed5436cf7743b18e1f 54bc1f680313421f3be8f4a7ef02a370f8ab5ea72aac53b68ede5440759d90c4
SERVER_TRAFFIC_SECRET_0 75c542666b4dc8a4d08cf0c361b3b1bda1826f26962772ed5436cf7743b18e1f 8bbd8218baa063fb3772c6da731a712269ff81958e0698746e79b991380d1a85
EXPORTER_SECRET 75c542666b4dc8a4d08cf0c361b3b1bda1826f26962772ed5436cf7743b18e1f 93e249012ed61120dee051f01a107bf491794829bf3d52194453f0d31639607b
CLIENT_HANDSHAKE_TRAFFIC_SECRET 0a9007d4b17a4f2b88ef798525e99d190377a2aa53d3ebfb471ff95ea9ab73ab c65eeac79ca5a062b1286eb111f9c76fa0bda1551df97d179baf8528f9fd694a
SERVER_HANDSHAKE_TRAFFIC_SECRET 0a9007d4b17a4f2b88ef798525e99d190377a2aa53d3ebfb471ff95ea9ab73ab acf84d8b9f4b0e1ebf8ad0970ddd651693b950a47da0ea781d613c60228559db
CLIENT_TRAFFIC_SECRET_0 0a9007d4b17a4f2b88ef798525e99d190377a2aa53d3ebfb471ff95ea9ab73ab 0db875c9b23711439f00ddf676f4968fcdf42159a1d76acc902abcf46efacfcf
SERVER_TRAFFIC_SECRET_0 0a9007d4b17a4f2b88ef798525e99d190377a2aa53d3ebfb471ff95ea9ab73ab a9cc9d6f960a7d24d412202ac35c4ecef3f148882757e5b1ba2c23ddd77fd920
EXPORTER_SECRET 0a9007d4b17a4f2b88ef798525e99d190377a2aa53d3ebfb471ff95ea9ab73ab 05833d2c4daf9e517d847432e1ac6780ae24eee3953b2779e8e01e9f7557cf17
CLIENT_HANDSHAKE_TRAFFIC_SECRET a60966683166054178a42e19d75912ac70ba8e24daca8c0d475a5d34418d670a d4f19334631050af78dd7436bf2ddaeb7ec2d1eacc581ff2482ec52955691a98
SERVER_HANDSHAKE_TRAFFIC_SECRET a60966683166054178a42e19d75912ac70ba8e24daca8c0d475a5d34418d670a c98eab338f509691900269257a88866be4e01ab0bf237c62e64a11a64981183c
CLIENT_TRAFFIC_SECRET_0 a60966683166054178a42e19d75912ac70ba8e24daca8c0d475a5d34418d670a c68d72d99b8bb861a7596667e4876db19c4faf80444457c35ad0c42c734350da
SERVER_TRAFFIC_SECRET_0 a60966683166054178a42e19d75912ac70ba8e24daca8c0d475a5d34418d670a 4587fc66652af735a4d48f10d53cedd8d03745becc3c76d8a2089c143717d69b
EXPORTER_SECRET a60966683166054178a42e19d75912ac70ba8e24daca8c0d475a5d34418d670a 5a2a87fd0a605698ef8727a91e537a9d348e037ec14d9f2d665920f2e7765a25
CLIENT_HANDSHAKE_TRAFFIC_SECRET 158e6d4203c1a1937b356771d11292d0f2a5da3b88bf2124f7f4b4f224bd373d 114290fdd11505ca3e22d6efa7dfb6ed60b6fa3bd2d15177869fb0a0329abecd
SERVER_HANDSHAKE_TRAFFIC_SECRET 158e6d4203c1a1937b356771d11292d0f2a5da3b88bf2124f7f4b4f224bd373d 5f9b3f2b065674f080c6be8894d5b35e385d6fdc08dbc809cae0364703d6ec48
CLIENT_HANDSHAKE_TRAFFIC_SECRET 47905fc48e6517c2d9b096bcb846c05216d6488e25ae4a8217d5acabb209e3f5 e6343c7e4e313beeb53cf1922feac63e629d16092fe2788ba13a9073a42cdf69
SERVER_HANDSHAKE_TRAFFIC_SECRET 47905fc48e6517c2d9b096bcb846c05216d6488e25ae4a8217d5acabb209e3f5 0c895519c80bce0cd3b1710fc73fdb19e30dc6381166b876c4eebb2d7ed85476
CLIENT_TRAFFIC_SECRET_0 158e6d4203c1a1937b356771d11292d0f2a5da3b88bf2124f7f4b4f224bd373d 62c4a6557dc1d76466a529f9317bed1d2dcea577b36e9af38f30c9fa10b5d038
SERVER_TRAFFIC_SECRET_0 158e6d4203c1a1937b356771d11292d0f2a5da3b88bf2124f7f4b4f224bd373d e10887614001a21d03f781fbe172de238727240612284a6d7fc3d55928f51cde
EXPORTER_SECRET 158e6d4203c1a1937b356771d11292d0f2a5da3b88bf2124f7f4b4f224bd373d 54ce405049804aec342ae89945539e2a5969cb65cf676fad44d64ed42c51b81c
CLIENT_TRAFFIC_SECRET_0 47905fc48e6517c2d9b096bcb846c05216d6488e25ae4a8217d5acabb209e3f5 b1bd3289e99224d481bc07fef04c0079be70ea5360aee5704463acea6aea89bd
SERVER_TRAFFIC_SECRET_0 47905fc48e6517c2d9b096bcb846c05216d6488e25ae4a8217d5acabb209e3f5 429dea855be1be508ba9b5ffdd2b020fccc6cc71be28f7940f7494d8267bfa74
EXPORTER_SECRET 47905fc48e6517c2d9b096bcb846c05216d6488e25ae4a8217d5acabb209e3f5 1a2d70dd7a3c0af7854e734297aaebc32bf8233cbbf9c332327b5b17aebbd1aa
CLIENT_HANDSHAKE_TRAFFIC_SECRET 1b09fae62966638d10f6ddf87f15cac25eaf5fde5736a5416f2434511ed9123f f5d91fcd2a46fbfc47acb40faf3560a45ae9c04f96294899eb3e7a6dcad344f8
SERVER_HANDSHAKE_TRAFFIC_SECRET 1b09fae62966638d10f6ddf87f15cac25eaf5fde5736a5416f2434511ed9123f 2a58c4ce2ccaca7d60ba030ae5605710e5c938de937ba7523635a89127c6751c
CLIENT_TRAFFIC_SECRET_0 1b09fae62966638d10f6ddf87f15cac25eaf5fde5736a5416f2434511ed9123f 41f0b1805926bd70b6546b682cd408711f30fb1c9569482c65a2a8e84ec118aa
SERVER_TRAFFIC_SECRET_0 1b09fae62966638d10f6ddf87f15cac25eaf5fde5736a5416f2434511ed9123f 22ccb3a1847ddc7f8c56c777619e091b67216926e9545c68d1ad8732c10cee0b
EXPORTER_SECRET 1b09fae62966638d10f6ddf87f15cac25eaf5fde5736a5416f2434511ed9123f 479a6fbf587d4ca491afc9077e53f68c6f3ac5b0195d5b6858538b2d0f60b37b
CLIENT_HANDSHAKE_TRAFFIC_SECRET 4cb5c63642a2c0b5dbbd5f145a94cdb9838ba2ab3b65634f34776f733ecc33c2 4f2860c418f4e8a1cd476b2e4f870f40075a15b03ed6140b3b1421982c723df1
SERVER_HANDSHAKE_TRAFFIC_SECRET 4cb5c63642a2c0b5dbbd5f145a94cdb9838ba2ab3b65634f34776f733ecc33c2 05dbbff4649cb04cc7327d2c1bb39b924fdcef1a9f7b9bccc1e4dff943bbd0f7
CLIENT_TRAFFIC_SECRET_0 4cb5c63642a2c0b5dbbd5f145a94cdb9838ba2ab3b65634f34776f733ecc33c2 2b802d9b0d2e9536cd2791594dfd22a17bff2e6d34dd7d0b26caddb9732612b2
SERVER_TRAFFIC_SECRET_0 4cb5c63642a2c0b5dbbd5f145a94cdb9838ba2ab3b65634f34776f733ecc33c2 583588e52267e7685cd8361b9e326de830b01f681c79c997df1a17f891f5e09d
EXPORTER_SECRET 4cb5c63642a2c0b5dbbd5f145a94cdb9838ba2ab3b65634f34776f733ecc33c2 25be15f7b7be58b0c2b91667cce707c8e53fd81722d635f50c3c48548dc8cd9b
CLIENT_HANDSHAKE_TRAFFIC_SECRET 8bb06b4c000d70b3e169d760bae0185aab7801bfd479c1bb890f852654946acf da48dc535bb606767de6d6c65f8fbaabadf78bdf3a6e0183afdd2afebc1143e4
SERVER_HANDSHAKE_TRAFFIC_SECRET 8bb06b4c000d70b3e169d760bae0185aab7801bfd479c1bb890f852654946acf f09a9c0938a9c9ba835eb40ee5c887cb1a25a09e59f056689672defb78783c83
CLIENT_TRAFFIC_SECRET_0 8bb06b4c000d70b3e169d760bae0185aab7801bfd479c1bb890f852654946acf 5bf988c9ad20b9d209e4986b56ce5bc00603b146a3be7b6189b1607c28ac8bdd
SERVER_TRAFFIC_SECRET_0 8bb06b4c000d70b3e169d760bae0185aab7801bfd479c1bb890f852654946acf dffd2af224d7fc336538464371e886392c62a80fe1226cc543dfb0c4dcc86d1d
EXPORTER_SECRET 8bb06b4c000d70b3e169d760bae0185aab7801bfd479c1bb890f852654946acf 46275636c3bfeb92a73611bf71bff09704b1b6c7c2a22339b65e366d507e0ae4
CLIENT_HANDSHAKE_TRAFFIC_SECRET 7b356179455644cb6eb31db4f98f4926d68a23463f2254c4d2c4dd928bf77e26 40aa944e7dfad9557b086d52ddbc0dadbc3b95c3c71a4114dc80f6d4f0df05b9
SERVER_HANDSHAKE_TRAFFIC_SECRET 7b356179455644cb6eb31db4f98f4926d68a23463f2254c4d2c4dd928bf77e26 5dbed2e6f545ca8bddf79666f4ff8ad67676db976ececdaecdc5b94e959da11f
CLIENT_TRAFFIC_SECRET_0 7b356179455644cb6eb31db4f98f4926d68a23463f2254c4d2c4dd928bf77e26 4490acf0145a534ec1165ffc61e88295b92837595150ce66b1895252417eec76
SERVER_TRAFFIC_SECRET_0 7b356179455644cb6eb31db4f98f4926d68a23463f2254c4d2c4dd928bf77e26 c6c40e57377452bfcec523826df61568630e74af6371e267fccc56f28a90a1fc
EXPORTER_SECRET 7b356179455644cb6eb31db4f98f4926d68a23463f2254c4d2c4dd928bf77e26 073b626d8da50a18e9b916c8a841ae345c3a5ad85dedf9f3970fdf42defa2d83
CLIENT_HANDSHAKE_TRAFFIC_SECRET 03a3e0a3e329d398485e68b07b67312b2b36bcc215d96412ed80198943dad2c5 19eac485c47a3552eee284ef55dd16c7cacce1b8ee611e39e22ee0874f4918f1
SERVER_HANDSHAKE_TRAFFIC_SECRET 03a3e0a3e329d398485e68b07b67312b2b36bcc215d96412ed80198943dad2c5 045dd71f2d68952c50a1fef5a6d5ecd2cc7e8e23947f790a41c1604cb7237295
CLIENT_TRAFFIC_SECRET_0 03a3e0a3e329d398485e68b07b67312b2b36bcc215d96412ed80198943dad2c5 86a601d052347f7e1720642045b3719848559735b9f98bb3e1abc95a6a87d7d1
SERVER_TRAFFIC_SECRET_0 03a3e0a3e329d398485e68b07b67312b2b36bcc215d96412ed80198943dad2c5 676d0f0fc70ceae764e0460d466382d28882db4570389f110181625b52580d97
EXPORTER_SECRET 03a3e0a3e329d398485e68b07b67312b2b36bcc215d96412ed80198943dad2c5 a0304c258dda1752589ecbcf3025b67eb6780286c315399c4bf1198642fe9278
CLIENT_HANDSHAKE_TRAFFIC_SECRET b395fe0435012d6d01cc2900cb7910af132561033b58bdd0136aa5624428a2d2 a82d03bd013240aead709f1543ad845180e02ccfdb38cc995396afa8ce914fe9
SERVER_HANDSHAKE_TRAFFIC_SECRET b395fe0435012d6d01cc2900cb7910af132561033b58bdd0136aa5624428a2d2 5487c7525263533d034c9b83d7550ae50f934be20d6096abae6a7efa7368407a
CLIENT_TRAFFIC_SECRET_0 b395fe0435012d6d01cc2900cb7910af132561033b58bdd0136aa5624428a2d2 7988bda153c862f42d2f23a310b86ed443f1a448b8a3b154f2c24d0c84eeaf22
SERVER_TRAFFIC_SECRET_0 b395fe0435012d6d01cc2900cb7910af132561033b58bdd0136aa5624428a2d2 56b1b12573e1c08842480e47470ae08c4602e51b439196fc689fe62074830713
EXPORTER_SECRET b395fe0435012d6d01cc2900cb7910af132561033b58bdd0136aa5624428a2d2 70105ffd53099a07fe257f0198fe0c139ec9dbcb9cd5fec8a1934e2a13514479
CLIENT_HANDSHAKE_TRAFFIC_SECRET e0f62619ed8479326adc74fd236cd5a160dd265f40bb861b46736d94cccee81c d19b657f94c37b3385cf07d8090745acde0039adc07db9ca9862c8895432fa66
SERVER_HANDSHAKE_TRAFFIC_SECRET e0f62619ed8479326adc74fd236cd5a160dd265f40bb861b46736d94cccee81c 50689d6df77e5a18aa3d9675a0c90aa0143a52dc56babe30445fc5c491186edc
CLIENT_TRAFFIC_SECRET_0 e0f62619ed8479326adc74fd236cd5a160dd265f40bb861b46736d94cccee81c dcacd26bc1bb590416151c9fe8f7149f1940f31669ae0723ac26664dc8f946fb
SERVER_TRAFFIC_SECRET_0 e0f62619ed8479326adc74fd236cd5a160dd265f40bb861b46736d94cccee81c 3486b07674073e88999f57293f88f4a72d701af280aca787933f2258fd719579
EXPORTER_SECRET e0f62619ed8479326adc74fd236cd5a160dd265f40bb861b46736d94cccee81c 576b24096ae576b6e5b4bf67da5254c24277b9a9a48dda4c77b852640c1bdce7
CLIENT_HANDSHAKE_TRAFFIC_SECRET 8c92d420f96de00423bfd0894da199d0362a16d266e4c3a530ac8096ee62f230 b8a2578baf60d30d305e56c74a10a051b06da1ca1a6b8e3574d9cd3a23acc1d6
SERVER_HANDSHAKE_TRAFFIC_SECRET 8c92d420f96de00423bfd0894da199d0362a16d266e4c3a530ac8096ee62f230 0d2b32db40023f599644c6e4054016a24a787447539d013dd7bef9e27ef55137
CLIENT_TRAFFIC_SECRET_0 8c92d420f96de00423bfd0894da199d0362a16d266e4c3a530ac8096ee62f230 532c72aeee4fdb8de2877f53e8dcdb1e46974e1e7c29c9371673ce00438f5851
SERVER_TRAFFIC_SECRET_0 8c92d420f96de00423bfd0894da199d0362a16d266e4c3a530ac8096ee62f230 71ba10727c1e862014a491a4dbda901c8039c02174df0f1c8efcfe9efb3cf4f2
EXPORTER_SECRET 8c92d420f96de00423bfd0894da199d0362a16d266e4c3a530ac8096ee62f230 4f92142e823975464ca29b30c27d411d0897967d0414bb117f6764a8cd63b6ba
CLIENT_HANDSHAKE_TRAFFIC_SECRET b51a092687e16f7aceec44a4676e7f58f473857d100b038c6025d99ba7d969e3 62429433ff9e5c16748f56671080d62fe268ceb3a6912cdcfc61df8e918c69f7
SERVER_HANDSHAKE_TRAFFIC_SECRET b51a092687e16f7aceec44a4676e7f58f473857d100b038c6025d99ba7d969e3 841c12260b7221f0ffdf7d4e853f83921eadd4567132637aa2dd2cd0b64b9d7c
CLIENT_TRAFFIC_SECRET_0 b51a092687e16f7aceec44a4676e7f58f473857d100b038c6025d99ba7d969e3 a860a20e271f62063f8ce4fc3db35f7845d81b1df1cade99d61d4a21a2de11d3
SERVER_TRAFFIC_SECRET_0 b51a092687e16f7aceec44a4676e7f58f473857d100b038c6025d99ba7d969e3 752142e98d7510178c549187e7d8af1c4fd20da6da5decd1c4288c7a5092122e
EXPORTER_SECRET b51a092687e16f7aceec44a4676e7f58f473857d100b038c6025d99ba7d969e3 3b127f67ef1451de85ff6f0317a08b0dfb249858c21835e979eef5620458a62e
CLIENT_HANDSHAKE_TRAFFIC_SECRET 7c9016d20ccb58fadc3eab33b8ec1d688e4b2ee2e9acf05cbd63ad078722b561 35e3a6e4a39a11f25caee8b87a6cd99d244553a10e85ce757fd1928e29fb2e1c
SERVER_HANDSHAKE_TRAFFIC_SECRET 7c9016d20ccb58fadc3eab33b8ec1d688e4b2ee2e9acf05cbd63ad078722b561 21e44db97cb44a4f5b85c085dcea7daa32f2c7e5a532b90809d10b1db5f8579f
CLIENT_TRAFFIC_SECRET_0 7c9016d20ccb58fadc3eab33b8ec1d688e4b2ee2e9acf05cbd63ad078722b561 ede4cfc8016253a28604665d830a01cbefef9b611d70575d8c1ef04a5abe2b79
SERVER_TRAFFIC_SECRET_0 7c9016d20ccb58fadc3eab33b8ec1d688e4b2ee2e9acf05cbd63ad078722b561 36f7b22652f2df411b28e704c0d1c7f103e456f3e04ae53384c239286b2df347
EXPORTER_SECRET 7c9016d20ccb58fadc3eab33b8ec1d688e4b2ee2e9acf05cbd63ad078722b561 bb757e560ecee70e5b07d9be55b9d8759f25d003d8831019fcbda0b86dc08553
CLIENT_HANDSHAKE_TRAFFIC_SECRET afe12c19f39425c7d9d8c20286b1266caf9566b162c04755a678a71aedb46a1c 51f26ad4de1e7c0e55401f9baae6bc72dc8005188c8650f4520d79e756ea85b1
SERVER_HANDSHAKE_TRAFFIC_SECRET afe12c19f39425c7d9d8c20286b1266caf9566b162c04755a678a71aedb46a1c 54be88e8782787ee57cea3effcab7323515f881941f1f182afd8a471eb89f264
CLIENT_TRAFFIC_SECRET_0 afe12c19f39425c7d9d8c20286b1266caf9566b162c04755a678a71aedb46a1c 2d4122e23ca8b4bf5d4ba55d5e04189291315a3a0ac2708ce87016d784db1ce1
SERVER_TRAFFIC_SECRET_0 afe12c19f39425c7d9d8c20286b1266caf9566b162c04755a678a71aedb46a1c bed8c24b5c36de002c7b015e45bdbdc0b92d9ab9563f877b5783a9527c06bf70
EXPORTER_SECRET afe12c19f39425c7d9d8c20286b1266caf9566b162c04755a678a71aedb46a1c d03a52160a6a3c61626147cee076155b471b7e961d6c7409e3240af4d8543b1f
CLIENT_HANDSHAKE_TRAFFIC_SECRET bb2c990b97a0b9b58e7ba31d26c93647f9081d0dc9ed2e5093bbb1c414b1e25d c6a22997bfb3b8f1d49475800214f3280266819ceb3e2c739141bd33da3e2164
SERVER_HANDSHAKE_TRAFFIC_SECRET bb2c990b97a0b9b58e7ba31d26c93647f9081d0dc9ed2e5093bbb1c414b1e25d 7de8bf2d309f7f703e8c6059b1bc1a98a95a9b06612aae78eea3716bad64e262
CLIENT_TRAFFIC_SECRET_0 bb2c990b97a0b9b58e7ba31d26c93647f9081d0dc9ed2e5093bbb1c414b1e25d 93e118f12b8914edba432dced89b72cd58149d58d480bc3c088d6d04b54042cf
SERVER_TRAFFIC_SECRET_0 bb2c990b97a0b9b58e7ba31d26c93647f9081d0dc9ed2e5093bbb1c414b1e25d 66fbd970ef7dbdf48ddb1d31c92655c9d96990edf6d25179ef5f77e17743592a
EXPORTER_SECRET bb2c990b97a0b9b58e7ba31d26c93647f9081d0dc9ed2e5093bbb1c414b1e25d 693f8a9e9f05766d7578a3b4b3c69f79664563440bf82dd4918d5a0dcff87b98
CLIENT_HANDSHAKE_TRAFFIC_SECRET 9b23260ea1063588be8116ed64d713df21f607d67259efcb2e3a426b0fa89ece 227f12b76fb99495d90258260beb51ee4cce374a012cc01694374f0c8ef3e444
SERVER_HANDSHAKE_TRAFFIC_SECRET 9b23260ea1063588be8116ed64d713df21f607d67259efcb2e3a426b0fa89ece 21dc4a6fbe29d8cb7540e14ef1b68a43eff64c90fd3c40990210849ece521d8d
CLIENT_TRAFFIC_SECRET_0 9b23260ea1063588be8116ed64d713df21f607d67259efcb2e3a426b0fa89ece 6cf5c6f5b361cd44603584b6d7658e5c97f72d5cee7bc9248b82d8e5860ca63d
SERVER_TRAFFIC_SECRET_0 9b23260ea1063588be8116ed64d713df21f607d67259efcb2e3a426b0fa89ece fccd319249df62fcb4862a7bba1266b36ffd77008c4a01345b17fe6b18f102f1
EXPORTER_SECRET 9b23260ea1063588be8116ed64d713df21f607d67259efcb2e3a426b0fa89ece e5cfa6f440540ed4608db4da3f3fefca830b1b169fc137ce98d28eb932312b3b
CLIENT_HANDSHAKE_TRAFFIC_SECRET 129deb2608419eba0200debab8beba71388f3f3f2a12134cb0b5bb87ac799f7b 4b135cceb659c5d0e273aea9470e3807c9afc765eced9d10a6d5e36b07f3e1a5
SERVER_HANDSHAKE_TRAFFIC_SECRET 129deb2608419eba0200debab8beba71388f3f3f2a12134cb0b5bb87ac799f7b 30ee81cb67fa0c8ec6395aa2979b6e0af739e84ae2c39a6187626dc641e01fa4
CLIENT_TRAFFIC_SECRET_0 129deb2608419eba0200debab8beba71388f3f3f2a12134cb0b5bb87ac799f7b f442488ac2f275eeb95b77dde262b0589e6e658bed8cfe1c434ab9a140fc776d
SERVER_TRAFFIC_SECRET_0 129deb2608419eba0200debab8beba71388f3f3f2a12134cb0b5bb87ac799f7b 94f55873119eda149a9909f7251a75d1774c3e85069f7c459c7536d9a57bdd91
EXPORTER_SECRET 129deb2608419eba0200debab8beba71388f3f3f2a12134cb0b5bb87ac799f7b 430f25e3c1fd9c97da8d3976b0a3e2b7ec94760912e7a3bf57b6e7df50672193
CLIENT_HANDSHAKE_TRAFFIC_SECRET 2061ef55083f20ee6de88f7676bc452a86f898d8182fe70ded2c66169d96fee7 3f116ca60881eaed8103b612166eea65576d8cc058732f22d2871d628b6b9145
SERVER_HANDSHAKE_TRAFFIC_SECRET 2061ef55083f20ee6de88f7676bc452a86f898d8182fe70ded2c66169d96fee7 04bd3962d401df5b81099084c83d9248a8f9e8f8d0774797c10fc14616acc108
CLIENT_TRAFFIC_SECRET_0 2061ef55083f20ee6de88f7676bc452a86f898d8182fe70ded2c66169d96fee7 5919765eed6043f70ec4695f7954b628000c682eca29edd04350dcaaee8358fb
SERVER_TRAFFIC_SECRET_0 2061ef55083f20ee6de88f7676bc452a86f898d8182fe70ded2c66169d96fee7 543e1b26c442af7c1cdbfed3e178426c5d20b023a6b4d1462fd3775325d4e8e9
EXPORTER_SECRET 2061ef55083f20ee6de88f7676bc452a86f898d8182fe70ded2c66169d96fee7 e6e1ea075d5388eadc92dee0a94475c513056da113873d420b99e380fb383a21
CLIENT_HANDSHAKE_TRAFFIC_SECRET 0a88a08176f6fdebfee2734e429915251ee8716ffce05938e574b08fde23f0ad 64331b4b35c916fb2da9cdbffbdda06170aecd7d75ea3ef9e794c14acadb73e0
SERVER_HANDSHAKE_TRAFFIC_SECRET 0a88a08176f6fdebfee2734e429915251ee8716ffce05938e574b08fde23f0ad e1d3ab3d4f1fa1376005817431018f529d657fa536cb2e94f22e4373bb795e93
CLIENT_TRAFFIC_SECRET_0 0a88a08176f6fdebfee2734e429915251ee8716ffce05938e574b08fde23f0ad 639052a70e25f7d29dbcdc21a8f42cd989c891c3289dd741f2a787f85510fff5
SERVER_TRAFFIC_SECRET_0 0a88a08176f6fdebfee2734e429915251ee8716ffce05938e574b08fde23f0ad b9d03a1c647b1feb452134096b5de7a4b81223567abd749963b35d636eb903cb
EXPORTER_SECRET 0a88a08176f6fdebfee2734e429915251ee8716ffce05938e574b08fde23f0ad 7d38d22b3002fc1e55c8689568fe0a6b77146fac521311fde148a7d2410694a7
CLIENT_HANDSHAKE_TRAFFIC_SECRET 17dda5077395d271caa79687b3fb8fef9151f824c587b477d9f8421ed8557f2b 617d28bf8cbbedf814e82f7dcc6e19958fc3badfd515e0ec2e0d951922ceb123
SERVER_HANDSHAKE_TRAFFIC_SECRET 17dda5077395d271caa79687b3fb8fef9151f824c587b477d9f8421ed8557f2b 44341f16b1a86abb416fb6fd159fdd85352e39484e55374cb231cefac026d2d7
CLIENT_TRAFFIC_SECRET_0 17dda5077395d271caa79687b3fb8fef9151f824c587b477d9f8421ed8557f2b bb343d243fdeea31688e28f55e60489e62f628e5a200f9728327465a1be55c35
SERVER_TRAFFIC_SECRET_0 17dda5077395d271caa79687b3fb8fef9151f824c587b477d9f8421ed8557f2b 5bcbc330b47b79b589588a4ca710fa460dd40bb08010e9a6bd4a75481552d6a6
EXPORTER_SECRET 17dda5077395d271caa79687b3fb8fef9151f824c587b477d9f8421ed8557f2b 6b947be101ebdefff613a87a5ff77a50d1af5965ec632e099312021b659f2576
CLIENT_HANDSHAKE_TRAFFIC_SECRET a4361cb15e233e7cf92b9a7ace1d81b3a236029d658f2db8933def7dbc99d727 53679db41ae8923d8fed11b6873463c8c3436ec9d6ed838c34bcaa193286de1c
SERVER_HANDSHAKE_TRAFFIC_SECRET a4361cb15e233e7cf92b9a7ace1d81b3a236029d658f2db8933def7dbc99d727 89a7fc7deac9e2900976db6747ba54333d613524ecd267185d91bb5e5725d013
CLIENT_TRAFFIC_SECRET_0 a4361cb15e233e7cf92b9a7ace1d81b3a236029d658f2db8933def7dbc99d727 469101e69703a265116dca7d8372e31c9889c2ba326e5f3419c2531142080c45
SERVER_TRAFFIC_SECRET_0 a4361cb15e233e7cf92b9a7ace1d81b3a236029d658f2db8933def7dbc99d727 081c5b0a00726db9e1886cc12cf0901152c368dc4d3d9d0a19e2a30921eea5a3
EXPORTER_SECRET a4361cb15e233e7cf92b9a7ace1d81b3a236029d658f2db8933def7dbc99d727 bc7884ccf86bbe270620ebb9d39fae2a4af309959591eb4623ef83722dc82845
CLIENT_RANDOM 6af243e37a1d849577afac88367f61b01cf033ed65b3cdefe6a83d7ecfec2cb0 01098a8c2e96fea2dc4c763887f4b3dd01b7e4f4e01266839b851943cb4cbe4e4c31794808e1927092d986eb1f82a6ff
CLIENT_RANDOM ebe962e480a0ee583c562a1bcffd3de9dfe583938bb412fcfb288ae0ca8fec87 f3e03e4b6eb3646e04992a16c1c339cd87f04fcfeac6255b0dc4eb8310a3b0ce37d18b2aabbd263d6f23dcee4117a34c
CLIENT_RANDOM f6ac2a962fd5a7dea63e2e56a0039c1e28bd196b03d18bf90de5c24568874dcb 9f635291683b6809041a0e45efecdd3833052caf8163064428b106051f809fdbbfb7e5655aae4de1de6b75f6f5abcdb4
CLIENT_RANDOM 3027496dd74829e55b90cce36f5a7f5be56727996585346c73f507b7bd05c79e 9f635291683b6809041a0e45efecdd3833052caf8163064428b106051f809fdbbfb7e5655aae4de1de6b75f6f5abcdb4
CLIENT_RANDOM 159341caedda1f01b97d763b54a6d1f9c64fae71b10622f1d75293c5ade104b4 9f635291683b6809041a0e45efecdd3833052caf8163064428b106051f809fdbbfb7e5655aae4de1de6b75f6f5abcdb4
CLIENT_RANDOM 90f11038d86488d3a5d8e0e7ae1fe885c8657ae7157e6b8208b004b8efec5b9f 9f635291683b6809041a0e45efecdd3833052caf8163064428b106051f809fdbbfb7e5655aae4de1de6b75f6f5abcdb4
CLIENT_RANDOM f54208566f7b79b3aa064bad3a4abc403a15f924c24a1e6cbc37d210c17fd930 9f635291683b6809041a0e45efecdd3833052caf8163064428b106051f809fdbbfb7e5655aae4de1de6b75f6f5abcdb4
CLIENT_HANDSHAKE_TRAFFIC_SECRET 2cd6594730af16f0e0b9face42fee1be0689ecc67bafe5031bd7d34bac420736 0a430e0c1f8efd4827cba0a8879d38cefc764016a4c5f50444b3cb4e09c22da7
SERVER_HANDSHAKE_TRAFFIC_SECRET 2cd6594730af16f0e0b9face42fee1be0689ecc67bafe5031bd7d34bac420736 df674681bc182baccbb69fd71c6369629a757a221d121933020781da80c0f621
CLIENT_TRAFFIC_SECRET_0 2cd6594730af16f0e0b9face42fee1be0689ecc67bafe5031bd7d34bac420736 e0b4431057967492373fcd6fe211014f68f2232d2ffba53648d73d57be78c6b5
SERVER_TRAFFIC_SECRET_0 2cd6594730af16f0e0b9face42fee1be0689ecc67bafe5031bd7d34bac420736 8117bb59d914b08ae3b243a9f1eaaf4e97689ee9dc5e027ca9f19c679a9e982f
EXPORTER_SECRET 2cd6594730af16f0e0b9face42fee1be0689ecc67bafe5031bd7d34bac420736 b719ec70d6bbb1ddc04a3b8a6231a10e6a161ce469518e575c94fed8da8239a2
CLIENT_RANDOM 33258059578a42e6549666e5418b938208601d9de9799c0c3b2597ee7ee139f0 9f635291683b6809041a0e45efecdd3833052caf8163064428b106051f809fdbbfb7e5655aae4de1de6b75f6f5abcdb4
CLIENT_RANDOM a939b6ccc21802fbac57de6fa0830a9217236b17564562981cdd13bfa3a7d760 9f635291683b6809041a0e45efecdd3833052caf8163064428b106051f809fdbbfb7e5655aae4de1de6b75f6f5abcdb4
CLIENT_RANDOM 466c5bbfcda733ac36edc4670e172b2cbffb9a592c1b7b8a5c208f52419c9f83 f3e03e4b6eb3646e04992a16c1c339cd87f04fcfeac6255b0dc4eb8310a3b0ce37d18b2aabbd263d6f23dcee4117a34c
CLIENT_RANDOM 1b0bf90af1ee923bbf5d872317c4fdbb49c1d675207e38aebbc91b3e91428fb7 f3e03e4b6eb3646e04992a16c1c339cd87f04fcfeac6255b0dc4eb8310a3b0ce37d18b2aabbd263d6f23dcee4117a34c
CLIENT_RANDOM 662281dd491e4c7cb0ef034bad078a4887645b8b523e6b4b4b60bd8e972ac1ae f3e03e4b6eb3646e04992a16c1c339cd87f04fcfeac6255b0dc4eb8310a3b0ce37d18b2aabbd263d6f23dcee4117a34c
CLIENT_RANDOM 668d008780a165d022875f89f779397fb7f4a5e704543b67d31d9af959cd53bd f3e03e4b6eb3646e04992a16c1c339cd87f04fcfeac6255b0dc4eb8310a3b0ce37d18b2aabbd263d6f23dcee4117a34c
CLIENT_HANDSHAKE_TRAFFIC_SECRET 08bb87d8c81dd588e2e1b55367ddcb3b818a681bccf83cab1426028719cb157b 8decee128d56e1036b70cf6fb9ca662ba6a63107ccf8ea797fd38fb450370ff8
SERVER_HANDSHAKE_TRAFFIC_SECRET 08bb87d8c81dd588e2e1b55367ddcb3b818a681bccf83cab1426028719cb157b d6253996c80dae7135642e30a6b7f8c3822763ddc35004d3bc33781832841fc0
CLIENT_TRAFFIC_SECRET_0 08bb87d8c81dd588e2e1b55367ddcb3b818a681bccf83cab1426028719cb157b 7affb6810c542adfcc0906a398171d9634256fb62c2554b11af4de808ef574e4
SERVER_TRAFFIC_SECRET_0 08bb87d8c81dd588e2e1b55367ddcb3b818a681bccf83cab1426028719cb157b 23b778ad564c438e80cf500771e9e1fd2dd79100168baed2f85130ffea159a74
EXPORTER_SECRET 08bb87d8c81dd588e2e1b55367ddcb3b818a681bccf83cab1426028719cb157b 4047694e922046fc550563a10e97d811557696593f59e533b7397c7409de23e1
CLIENT_HANDSHAKE_TRAFFIC_SECRET 5b995d913287ff387ee1f4b73ef79fad96f1abe5814d1667715fa98039fe0fdb 6734d23c27194258096fd884063371e4346093f1fda3d78b4d990c4832ecc123
SERVER_HANDSHAKE_TRAFFIC_SECRET 5b995d913287ff387ee1f4b73ef79fad96f1abe5814d1667715fa98039fe0fdb 1a4994ebe70ec8c9f88d3a233889a1019a2c31fe521f75d2659b483cd8dc4873
CLIENT_TRAFFIC_SECRET_0 5b995d913287ff387ee1f4b73ef79fad96f1abe5814d1667715fa98039fe0fdb 8fbb05c9ed80a68084d03d4b4e6cc9fe75b628bf9ab37a03454732158135a103
SERVER_TRAFFIC_SECRET_0 5b995d913287ff387ee1f4b73ef79fad96f1abe5814d1667715fa98039fe0fdb 5e82b352c62612eab33a7c68456a279f19fb253cdd114a721d0b4ecdfbc5e7ca
EXPORTER_SECRET 5b995d913287ff387ee1f4b73ef79fad96f1abe5814d1667715fa98039fe0fdb 74f9dfd26a3ef528b24b9844ecbd3ee08c961b97cdd2b6b4765dbefdb31ff79a
CLIENT_HANDSHAKE_TRAFFIC_SECRET f69d30cd4b3ef73f3aab20f1b69308f0a0ddadfd31e4fcc79dbe2fe22d1fd23e f5bdb580b726042b5f910c7479999a3c5915a904a624e9fc8ba6ccb2a16cd039
SERVER_HANDSHAKE_TRAFFIC_SECRET f69d30cd4b3ef73f3aab20f1b69308f0a0ddadfd31e4fcc79dbe2fe22d1fd23e b9bcdca90f72b3025cf458638ae1ef646afa47d01353b3d23dec5350eeca41c3
CLIENT_TRAFFIC_SECRET_0 f69d30cd4b3ef73f3aab20f1b69308f0a0ddadfd31e4fcc79dbe2fe22d1fd23e 355150f2a8e02856357a12e8cf2a7e008a08777a32a671bd3f95d45772a0d8e8
SERVER_TRAFFIC_SECRET_0 f69d30cd4b3ef73f3aab20f1b69308f0a0ddadfd31e4fcc79dbe2fe22d1fd23e 31f93733eb6bfac881a69ae1cb66438110fcf6efd9ccd8e213ca96879105c4e9
EXPORTER_SECRET f69d30cd4b3ef73f3aab20f1b69308f0a0ddadfd31e4fcc79dbe2fe22d1fd23e 997c6a745d2677bab0bf0dedb4c8c02f1ea1ca2da5f095ba1d34d52622fb1bc9
CLIENT_HANDSHAKE_TRAFFIC_SECRET eb4ab827b5cc91ae774e21b3f4b3560193baefd3a5a66178bfd77c36f9a6c56e 4dff21f10de89b5a7982b06b39b5ccbdd1455abb669d9ddd5b336543e91b5927
SERVER_HANDSHAKE_TRAFFIC_SECRET eb4ab827b5cc91ae774e21b3f4b3560193baefd3a5a66178bfd77c36f9a6c56e c2e576f34d9cf87964bf72a34ec06736843f0f8569d53b58fa08bc1e9a88d819
CLIENT_TRAFFIC_SECRET_0 eb4ab827b5cc91ae774e21b3f4b3560193baefd3a5a66178bfd77c36f9a6c56e 9b5c3c4b28fbd28332f3b6fe35adbca7ff9ecfa780ab05a8242af18b5d66e8c5
SERVER_TRAFFIC_SECRET_0 eb4ab827b5cc91ae774e21b3f4b3560193baefd3a5a66178bfd77c36f9a6c56e b15d9154bfa19d921c038af735bf6d2a70e40abb0b0d4fb4d54d5ab9a5584324
EXPORTER_SECRET eb4ab827b5cc91ae774e21b3f4b3560193baefd3a5a66178bfd77c36f9a6c56e b8dbb8fb7820f0863f10070ba82a681b8a85462249b46aaa2cbe4e95613f0ac7
CLIENT_HANDSHAKE_TRAFFIC_SECRET 7e417db030a5e0c6459c5b39afc795b0e7d3b9b6acd3bf92a30a0d659a8dedb5 472d75f37319ebc6446c08333cdacd3e2f889ac024eb202b4e41caee8bc49f29
SERVER_HANDSHAKE_TRAFFIC_SECRET 7e417db030a5e0c6459c5b39afc795b0e7d3b9b6acd3bf92a30a0d659a8dedb5 be5058d785e037bca8d7ba5c72061b1cb4e187ff4c6b15a2ffef08e139b48689
CLIENT_TRAFFIC_SECRET_0 7e417db030a5e0c6459c5b39afc795b0e7d3b9b6acd3bf92a30a0d659a8dedb5 8725939ac2c7fbe0536eeda4a738f5c5d67ea57b9074f4898d014dadb7cbe996
SERVER_TRAFFIC_SECRET_0 7e417db030a5e0c6459c5b39afc795b0e7d3b9b6acd3bf92a30a0d659a8dedb5 99674b98ec6ce50cee297d25b5bc99136527865f1282ed11cfb6065c60ecbbf8
EXPORTER_SECRET 7e417db030a5e0c6459c5b39afc795b0e7d3b9b6acd3bf92a30a0d659a8dedb5 f9c9b743e4fe3544c6de96095aa0524e8c32bbce40d05bdf2cd1b30eecf66e29
CLIENT_HANDSHAKE_TRAFFIC_SECRET 65368d432bfbad55abe1ee61f52eb9a68b356e42230029d5d04b4f483b7d10b4 8190ef958134ac5bcacaf4c932402eacf40138cd361751b6c79cbb9e1b1dfb98
SERVER_HANDSHAKE_TRAFFIC_SECRET 65368d432bfbad55abe1ee61f52eb9a68b356e42230029d5d04b4f483b7d10b4 e39f62e7970c0575d4c3c60d4c6e04feeefd71a62241f9d21a57690f88c6014e
CLIENT_TRAFFIC_SECRET_0 65368d432bfbad55abe1ee61f52eb9a68b356e42230029d5d04b4f483b7d10b4 f00f7ebd4853699ed248c0f2a7842428c3e8b6383f15d31c621ff123a72b5d63
SERVER_TRAFFIC_SECRET_0 65368d432bfbad55abe1ee61f52eb9a68b356e42230029d5d04b4f483b7d10b4 310e07d9c7f0f746459490e3a5430eb0da0b33dcbb354fed035e7144e92c6802
EXPORTER_SECRET 65368d432bfbad55abe1ee61f52eb9a68b356e42230029d5d04b4f483b7d10b4 c2b8ee584f47c0e959033eb31a5eebfbd99e23f88a591a574fe3200fbc29e814
CLIENT_HANDSHAKE_TRAFFIC_SECRET db85cb8c5e514be01ace7ee1e4aea08ff67b9ec57124e8b4eb64ba2d14404ce3 e1e4460e9a56877ee06a7f2d3912e63e166f8215747127a7a3eb7596c775a80e
SERVER_HANDSHAKE_TRAFFIC_SECRET db85cb8c5e514be01ace7ee1e4aea08ff67b9ec57124e8b4eb64ba2d14404ce3 4de8594887a9db89384faa980c6abd0b86f869c4588ab0750cb535cf3068a0bf
CLIENT_TRAFFIC_SECRET_0 db85cb8c5e514be01ace7ee1e4aea08ff67b9ec57124e8b4eb64ba2d14404ce3 5ac7cf9ace172bd5a3d4ae21972f69d5143128a431a561bbec1c51c7575d881e
SERVER_TRAFFIC_SECRET_0 db85cb8c5e514be01ace7ee1e4aea08ff67b9ec57124e8b4eb64ba2d14404ce3 c5efc0e16c858844a3f88211232fdd8e06b16b909dfce73077674d7b23124e1a
EXPORTER_SECRET db85cb8c5e514be01ace7ee1e4aea08ff67b9ec57124e8b4eb64ba2d14404ce3 7b88c5e940b17f0033b8b24066cd3fedd5e6b3acf68bc43ecfb0c3f4f4f8ae02
CLIENT_HANDSHAKE_TRAFFIC_SECRET e6b17d4f6c95acfb9ea46bff4c7c58c0fea56b1247c11a7e1d00fd3923621245 74baf270f1760d97673273f797d3922b07f4ca6cdf81b1ecee1bad5bc1394949
SERVER_HANDSHAKE_TRAFFIC_SECRET e6b17d4f6c95acfb9ea46bff4c7c58c0fea56b1247c11a7e1d00fd3923621245 8e86d80708bd255a839656a26bb82920f4dcb8584c287970f76b28e0d4f57831
CLIENT_TRAFFIC_SECRET_0 e6b17d4f6c95acfb9ea46bff4c7c58c0fea56b1247c11a7e1d00fd3923621245 a945d5818624ca1d352d113df5cc4d93188138dc52fe0c6676fa30111a19bba3
SERVER_TRAFFIC_SECRET_0 e6b17d4f6c95acfb9ea46bff4c7c58c0fea56b1247c11a7e1d00fd3923621245 fa62395d718a6ba31ff450889070dfab0cc01e491afbbc892247269199a9af8b
EXPORTER_SECRET e6b17d4f6c95acfb9ea46bff4c7c58c0fea56b1247c11a7e1d00fd3923621245 d95b5a18ff61684bd0a5e60c370cfbebf823b8f916831e6005ca3373ac6b1baa
CLIENT_RANDOM e96c4b850a20d65464528b0506ac41355d2511440041c84ef1ba0096a0033a73 945ad70998e4a0405473393294718d62c71fe7a22c53ef95b21d9a8f66626cb1af56ce8ac35f0eeeea05692cb9e69308
CLIENT_RANDOM 6a047624349e83354bea2eb28229ebab29270546b5197c1f877584bc7ad269c7 c04f51e40ac988251e75ceab9ae180c19d523ddf886e9e21174f97416a5bccac6993ad27eee85308796fa501b1ac7f28
CLIENT_RANDOM 7e55e5b7c808497794037f402eb54baeb8ed401fbb943de7796f355f4c67356e 945ad70998e4a0405473393294718d62c71fe7a22c53ef95b21d9a8f66626cb1af56ce8ac35f0eeeea05692cb9e69308
CLIENT_RANDOM 7786bd8f436abdafe214a58afed53b17e3e97b642ca5e6bf6cc7edb8382b12c0 945ad70998e4a0405473393294718d62c71fe7a22c53ef95b21d9a8f66626cb1af56ce8ac35f0eeeea05692cb9e69308
CLIENT_HANDSHAKE_TRAFFIC_SECRET 98a28c4350710d2ca6b9848b8c13c6cfdc8643c32861b808fcbb3ed25de26822 99864f479be98d1389360b940c12d05b624d054117d08af2966f224b295ff60f
SERVER_HANDSHAKE_TRAFFIC_SECRET 98a28c4350710d2ca6b9848b8c13c6cfdc8643c32861b808fcbb3ed25de26822 3e10c278ac5a1313c8f3da7c35c245150e52ebb2e61e477f303adaf846697a3e
CLIENT_TRAFFIC_SECRET_0 98a28c4350710d2ca6b9848b8c13c6cfdc8643c32861b808fcbb3ed25de26822 5b3bfc1fa95aef3a9d429f6f91fba520b0764e6429d4c851f8008a7c574c9a35
SERVER_TRAFFIC_SECRET_0 98a28c4350710d2ca6b9848b8c13c6cfdc8643c32861b808fcbb3ed25de26822 0a7e262a91e65f759db90bbd1139a6f1285d5ec390c9d8c7fdf4895c61e7af66
EXPORTER_SECRET 98a28c4350710d2ca6b9848b8c13c6cfdc8643c32861b808fcbb3ed25de26822 b634f54252cdc605ec11aa228715fcfaf6344b617c6a2f31a69e4beb18d03c35
CLIENT_HANDSHAKE_TRAFFIC_SECRET b138bae3359ea6066b3ecb68e34ad71ccea716187214b007717bc24e943a7d68 50a5efb60d730b41e2553c7eb966fb5d16274ff8ebbafd97113bfc00c698bf01
SERVER_HANDSHAKE_TRAFFIC_SECRET b138bae3359ea6066b3ecb68e34ad71ccea716187214b007717bc24e943a7d68 dee0ffef294da5c36afb71ffa529b0e85583ccd9213a11bd711ca4973aeeec85
CLIENT_TRAFFIC_SECRET_0 b138bae3359ea6066b3ecb68e34ad71ccea716187214b007717bc24e943a7d68 308934a0d6c3582cfc5dd202b1486cd31df0994c27586607f61e635271a238da
SERVER_TRAFFIC_SECRET_0 b138bae3359ea6066b3ecb68e34ad71ccea716187214b007717bc24e943a7d68 be4ac5b22156de1a0647b118ed54e2e4b9cd8e12555ffa6bf91147a8a69e473a
EXPORTER_SECRET b138bae3359ea6066b3ecb68e34ad71ccea716187214b007717bc24e943a7d68 2fb48ed2c77bd285e0c25ee160b69e24d093cf56a7e85c4aff32f0c8cc38b1cd
CLIENT_RANDOM 0796eb4d2d571c774c2f84f2e0e8d8bf5474920b40fd3dbe63cb27173cce12f2 058fc6e0b48fbc41c02ee7262fdf84b1a103dd0e9ed412939b223dd67c181937fba0da660af7c6c59f773c04b6952c8d
CLIENT_RANDOM 8985cbe52c59025b455e170e464cc1d8ba089903b089aac705ca5d25814567ae 058fc6e0b48fbc41c02ee7262fdf84b1a103dd0e9ed412939b223dd67c181937fba0da660af7c6c59f773c04b6952c8d
CLIENT_RANDOM 6f01fc278b92674e5b642be9e2e040008b856fb692ab830aedfb92cfa88394c8 058fc6e0b48fbc41c02ee7262fdf84b1a103dd0e9ed412939b223dd67c181937fba0da660af7c6c59f773c04b6952c8d
CLIENT_RANDOM 089733533837ee3e6ce155efbb01bf6e770abd11002598f8698467bf49a2773b 058fc6e0b48fbc41c02ee7262fdf84b1a103dd0e9ed412939b223dd67c181937fba0da660af7c6c59f773c04b6952c8d
CLIENT_RANDOM 44346a9d412b80ce966895aa18f5a7b7425780f35f25f6bc45e44882578cf39d 058fc6e0b48fbc41c02ee7262fdf84b1a103dd0e9ed412939b223dd67c181937fba0da660af7c6c59f773c04b6952c8d
CLIENT_HANDSHAKE_TRAFFIC_SECRET 6852a39f3bf939554c3b1f2e11df752e1269634d36878dd70fecb01898aceef8 5522e5134ecd43a1c1f803357708beabdec7d6a32aec7fdaa28b4e73e16677f2
SERVER_HANDSHAKE_TRAFFIC_SECRET 6852a39f3bf939554c3b1f2e11df752e1269634d36878dd70fecb01898aceef8 2ce2f81b6253e85ebd289164dc5daf6cce9556b2b68e97e2546371d1b1af7bbb
CLIENT_TRAFFIC_SECRET_0 6852a39f3bf939554c3b1f2e11df752e1269634d36878dd70fecb01898aceef8 d19deaa565f75cbadad6c8661c692f5aa944c421d23c5ba2cd5f8cc387f659c4
SERVER_TRAFFIC_SECRET_0 6852a39f3bf939554c3b1f2e11df752e1269634d36878dd70fecb01898aceef8 e34b80e8352ecd0b420fa7efcec5cb3b6ae32e76829c0582f93514ed7047620b
EXPORTER_SECRET 6852a39f3bf939554c3b1f2e11df752e1269634d36878dd70fecb01898aceef8 11ad88cacbf84c01950804e657186d5a06ede0bc059770297d9b18f9bc18abf0
CLIENT_RANDOM e0db08de989af3c9d063a4521391935e4c971750e56f420161926cea471a0aca 058fc6e0b48fbc41c02ee7262fdf84b1a103dd0e9ed412939b223dd67c181937fba0da660af7c6c59f773c04b6952c8d
CLIENT_RANDOM 906440928143b433a393d153349130a6e41c3e15783f598fbb0c521b102fbdd9 058fc6e0b48fbc41c02ee7262fdf84b1a103dd0e9ed412939b223dd67c181937fba0da660af7c6c59f773c04b6952c8d
CLIENT_RANDOM 77eaf49f8f83153648f1896963fed880c47fa85bb4d9814eb14b4e641fe0e351 058fc6e0b48fbc41c02ee7262fdf84b1a103dd0e9ed412939b223dd67c181937fba0da660af7c6c59f773c04b6952c8d
CLIENT_RANDOM 498756ca828dd56e81b7d6e12f36020ec70bedf1c26cda91af59be22b141dbb1 058fc6e0b48fbc41c02ee7262fdf84b1a103dd0e9ed412939b223dd67c181937fba0da660af7c6c59f773c04b6952c8d
CLIENT_RANDOM 04227a7e6a93b464bf8c5b6bc95756e8d6ca27b206d5c1efec7606b2f9a75426 058fc6e0b48fbc41c02ee7262fdf84b1a103dd0e9ed412939b223dd67c181937fba0da660af7c6c59f773c04b6952c8d
CLIENT_HANDSHAKE_TRAFFIC_SECRET ad733c2657ab38b61ff002143c224fb64acacc0f92849c16acae579e6018d760 7c0935ce44a614908e4b1a1f290f5994307b3949c773732bad77bba1d4793ffe
SERVER_HANDSHAKE_TRAFFIC_SECRET ad733c2657ab38b61ff002143c224fb64acacc0f92849c16acae579e6018d760 7a6d3828c62a6556a96015bd01d8745150658923287b1dbd3db66102bfe64eab
CLIENT_TRAFFIC_SECRET_0 ad733c2657ab38b61ff002143c224fb64acacc0f92849c16acae579e6018d760 bd9765756e6d346f101bdd616a647f7606117ecd57684af4745bb6ba09291a61
SERVER_TRAFFIC_SECRET_0 ad733c2657ab38b61ff002143c224fb64acacc0f92849c16acae579e6018d760 23bc68b59d1ac2ae11f386630b204203574b5d7afcbffd345c60dfc3b2fe9844
EXPORTER_SECRET ad733c2657ab38b61ff002143c224fb64acacc0f92849c16acae579e6018d760 29b0db0eeaa4f8cb854676858906a652394698e17f6bb38b86eb9a89de9d7c8f
CLIENT_HANDSHAKE_TRAFFIC_SECRET 0945f4f4ec9f554b7578282e7774772abc086f7c515cfd058288e2a952897493 e7ac11971d01a10ace9d19299b92b7c384df010434f5e8d369fac7564d43b36c
SERVER_HANDSHAKE_TRAFFIC_SECRET 0945f4f4ec9f554b7578282e7774772abc086f7c515cfd058288e2a952897493 721381ccbb804ef89ef895396c9286f68816b0d4f247a3cd9238a570ab31b0dc
CLIENT_TRAFFIC_SECRET_0 0945f4f4ec9f554b7578282e7774772abc086f7c515cfd058288e2a952897493 75036490c0619e6702f33599d6ec684b912a26e02a91aa6c6db5947c5d2e0ac8
SERVER_TRAFFIC_SECRET_0 0945f4f4ec9f554b7578282e7774772abc086f7c515cfd058288e2a952897493 1b91495abcd9b4d30649aed19fe992486cf5993698c312ec5e773f86eeaacc07
EXPORTER_SECRET 0945f4f4ec9f554b7578282e7774772abc086f7c515cfd058288e2a952897493 2a8bc3f1afb0352b0c0db3cf547230c0f1d270fec3bb54781219d8fc45653b73
CLIENT_RANDOM 653342e69943290c10276faa2013e13f47d35bed70d124a4b371bb0b33ef5066 058fc6e0b48fbc41c02ee7262fdf84b1a103dd0e9ed412939b223dd67c181937fba0da660af7c6c59f773c04b6952c8d
CLIENT_RANDOM 8607e6b66d015554312355f03b6d60d3f0d7f9c8c84898459be71b23d4933a3b 058fc6e0b48fbc41c02ee7262fdf84b1a103dd0e9ed412939b223dd67c181937fba0da660af7c6c59f773c04b6952c8d
CLIENT_RANDOM 916efd482685394c9f046f5a08458ab5f5ae1c3478ab317a5908a2f56a3ddf8a 058fc6e0b48fbc41c02ee7262fdf84b1a103dd0e9ed412939b223dd67c181937fba0da660af7c6c59f773c04b6952c8d
CLIENT_RANDOM 7503aefa33f87327d0c0ca829fdf7c6d382125127e79675712770537262aec53 945ad70998e4a0405473393294718d62c71fe7a22c53ef95b21d9a8f66626cb1af56ce8ac35f0eeeea05692cb9e69308
CLIENT_RANDOM 13da44205c6fdcbd9650d8146dceaf1f9a7969ca8398556d0c83b3eb796920a3 058fc6e0b48fbc41c02ee7262fdf84b1a103dd0e9ed412939b223dd67c181937fba0da660af7c6c59f773c04b6952c8d
CLIENT_RANDOM 5c927f618192d76eb135a1c6bd220199dd2cdf5cbeb10fb2108b5bee7fb40e6d 058fc6e0b48fbc41c02ee7262fdf84b1a103dd0e9ed412939b223dd67c181937fba0da660af7c6c59f773c04b6952c8d
CLIENT_RANDOM d2115278abb0f5e77483e9748e2cb02450ff91cc4c561535f02a1dcc644b2575 058fc6e0b48fbc41c02ee7262fdf84b1a103dd0e9ed412939b223dd67c181937fba0da660af7c6c59f773c04b6952c8d
CLIENT_RANDOM 9b7efde606110ffef1be685a0abb95f0cca06bb1b5d78f6586138edac1380658 945ad70998e4a0405473393294718d62c71fe7a22c53ef95b21d9a8f66626cb1af56ce8ac35f0eeeea05692cb9e69308
CLIENT_RANDOM 7265390c333720efb51a42f1c3ded339fc8cc7b17daab0802b630fba5dcc1ae2 4a0ed0ed40309018a09f6eb0fc730e1f58bd3da95cb3d348669516231ef6846b2681ff62fb7b0e219ad7da4b17a45af2
CLIENT_RANDOM cfcc2e7270277fefd7ab847e09b1b0d449f549b7c442f5abb1bbe5d9cbe3674b 03d18f3093b1d81be2a032c13d4fa3272627c9835d014e14c9901dd47605f54d0c72141e31d9d1a328b0f866d9ddf6a4
CLIENT_RANDOM dbf55a1461673ae5f4c09d1fc636b20e3ef641912c730b957fddcbc5250e6fd8 058fc6e0b48fbc41c02ee7262fdf84b1a103dd0e9ed412939b223dd67c181937fba0da660af7c6c59f773c04b6952c8d
CLIENT_RANDOM b3537123f51c5af0c35afaa9d8f232abffa0fd5e2a4b65c40a066abd39476106 058fc6e0b48fbc41c02ee7262fdf84b1a103dd0e9ed412939b223dd67c181937fba0da660af7c6c59f773c04b6952c8d
CLIENT_RANDOM 1d14c595c47bacae96fdfa79e5aa7ef20e0d35e81affc984751fd55283a1b20e 058fc6e0b48fbc41c02ee7262fdf84b1a103dd0e9ed412939b223dd67c181937fba0da660af7c6c59f773c04b6952c8d
CLIENT_RANDOM 933296b4f867004cb3dbcb62dc52df968420d47b92df132e0aeed1b111b37272 636794af2f4d1eb00be6819e186f6ba57de697a2245ebb2bdfa6a987ea40dd3e75f4492a28533be7958d94b48082c1ef
CLIENT_RANDOM e1a81cb1a3cb2cfcf074287686565f41593824a85df3739b8b6e51f5f9203209 e34cf9e3af907b35ffc488c1f00503513d14ba4c0d16844eb98cec31a14209c0b9b6b33b894d01eb3a334752ff294a77
CLIENT_RANDOM 9f29e0ec721f2cbd4493b9980c3311195a8805900c9a6c809e232bb8d526995d 03d18f3093b1d81be2a032c13d4fa3272627c9835d014e14c9901dd47605f54d0c72141e31d9d1a328b0f866d9ddf6a4
CLIENT_HANDSHAKE_TRAFFIC_SECRET 56d0edd88d07455731f5711c2cb9d644c48ed0239321e8255f3fc327426d98ac 7f77c1e454da086e1ad3d9827df1e23d1d01ee40d91437550716b6042191f7e9
SERVER_HANDSHAKE_TRAFFIC_SECRET 56d0edd88d07455731f5711c2cb9d644c48ed0239321e8255f3fc327426d98ac 2e7999b5d0433f5cb150c3cef22a33e2c6fa0967b01f2f431eac8a6ab99a1977
CLIENT_TRAFFIC_SECRET_0 56d0edd88d07455731f5711c2cb9d644c48ed0239321e8255f3fc327426d98ac e12c38062048301aaf0f0a40d0b11ab4fe03ef7585f1dd38a61b81d393118185
SERVER_TRAFFIC_SECRET_0 56d0edd88d07455731f5711c2cb9d644c48ed0239321e8255f3fc327426d98ac c6785702f178968e07b6bcdc85a1754c52a7d273ea44534f065400e77b8165a1
EXPORTER_SECRET 56d0edd88d07455731f5711c2cb9d644c48ed0239321e8255f3fc327426d98ac 1f6422fc4cac3e5581ab8ab6ad2cf25853f5882d71de7ee495a1fc964a19b131
CLIENT_HANDSHAKE_TRAFFIC_SECRET 8e492b70489ad17731e351101512dcdabb4106cde4340b0a7c7b2b0e9c5c5edf 757a090162605c2cf8624c9c9d234486f0b87ff669220f0d12ee50ca8d246e30
SERVER_HANDSHAKE_TRAFFIC_SECRET 8e492b70489ad17731e351101512dcdabb4106cde4340b0a7c7b2b0e9c5c5edf ba84ffca26114308069222160947b94001b750528f150e9c5faef46b563833ad
CLIENT_TRAFFIC_SECRET_0 8e492b70489ad17731e351101512dcdabb4106cde4340b0a7c7b2b0e9c5c5edf 46fb4b27e86e8efb8a2e78c1eac120c9d0407023df78db4de9149ee996eed4cb
SERVER_TRAFFIC_SECRET_0 8e492b70489ad17731e351101512dcdabb4106cde4340b0a7c7b2b0e9c5c5edf 70d6f6e408d2b8bef10c8f5ff0d07c4e6a633b634e3139899e60633a2dc03d67
EXPORTER_SECRET 8e492b70489ad17731e351101512dcdabb4106cde4340b0a7c7b2b0e9c5c5edf 9857f8b9821af607cce156f117bdb4576ed4ae6f331b41341978aec92c198eb5
CLIENT_HANDSHAKE_TRAFFIC_SECRET 6b5d595c89a997c8b32565fcadd2a4db5c3c6fb99c24049a4c32165cc11d3a7f c39e25bdf3baedcd4209450b3f8299e1bb0871217379db2f4929fb8e1130cf62
SERVER_HANDSHAKE_TRAFFIC_SECRET 6b5d595c89a997c8b32565fcadd2a4db5c3c6fb99c24049a4c32165cc11d3a7f 29e9422462d45d7479ed0a44cfdce11b0633e7665c34e08b0ee6cf77849df884
CLIENT_TRAFFIC_SECRET_0 6b5d595c89a997c8b32565fcadd2a4db5c3c6fb99c24049a4c32165cc11d3a7f 685a7034740e1b2548fd1ac48102fb72b190406a484ce59af350c8240356fc81
SERVER_TRAFFIC_SECRET_0 6b5d595c89a997c8b32565fcadd2a4db5c3c6fb99c24049a4c32165cc11d3a7f df43a58f1cd890587f32cc9b2580dbff44f0b188dc4aa30e05ff973ac6463fdd
EXPORTER_SECRET 6b5d595c89a997c8b32565fcadd2a4db5c3c6fb99c24049a4c32165cc11d3a7f 34045c02d2808bfc2a8de6659b3afdf0c75fe0d5c469f9c77314d08666bd8e6b
CLIENT_HANDSHAKE_TRAFFIC_SECRET 5459a35097b59759bff7f5ae251a34eddfa76569458fc60488cb8904a8eb193c ef224bcaad44789b0e7abfd584803ad781b5c03e08f05ab7c6f759d5711ea8d7
SERVER_HANDSHAKE_TRAFFIC_SECRET 5459a35097b59759bff7f5ae251a34eddfa76569458fc60488cb8904a8eb193c 7b3d86fc66976c0069fed040b90530e4fc14f0ca41950ca33d20862f2973758a
CLIENT_TRAFFIC_SECRET_0 5459a35097b59759bff7f5ae251a34eddfa76569458fc60488cb8904a8eb193c df549c10b07ee4e30f5bb5e59caed3f8624b7347c793c6a63dc879e765db4385
SERVER_TRAFFIC_SECRET_0 5459a35097b59759bff7f5ae251a34eddfa76569458fc60488cb8904a8eb193c 4afdd79ba229f631efe855b01cfe97654c088ad9deef563457be7be731402d75
EXPORTER_SECRET 5459a35097b59759bff7f5ae251a34eddfa76569458fc60488cb8904a8eb193c e0a28b306ba3c621b9b33eb2ccb3cf893596740f41e25b2ed8ea41ddecece509
CLIENT_HANDSHAKE_TRAFFIC_SECRET 3e570958318b240b1e5713a0e7be0a651cc016641540888c283504ec5a79585a 552946b5e1c8f58c45d8aa587837a4ca66c382eb185c5ef6e62207e59ea47f08
SERVER_HANDSHAKE_TRAFFIC_SECRET 3e570958318b240b1e5713a0e7be0a651cc016641540888c283504ec5a79585a dca0bcf0ce144af7d125486c8cfe3b64903e7b78b7ae50d49b6257a7e9d0fcc2
CLIENT_TRAFFIC_SECRET_0 3e570958318b240b1e5713a0e7be0a651cc016641540888c283504ec5a79585a 0dd85651ba02a8b1137861c1b585f04c9e7e118a9037b6b4ac1c779654d31dc9
SERVER_TRAFFIC_SECRET_0 3e570958318b240b1e5713a0e7be0a651cc016641540888c283504ec5a79585a 56646893f782d325ccc3913ac0c751c6a22040730b5c6fe40d704264ecc93872
EXPORTER_SECRET 3e570958318b240b1e5713a0e7be0a651cc016641540888c283504ec5a79585a ea12761dd6016c6daf7af0eef276a7f4984fbc5966fc43cf1c553df835f0e55d
CLIENT_HANDSHAKE_TRAFFIC_SECRET d676fa6f39470020c2dd24042a0ef45c86aafe79e057530f636c46332a266eb7 fad4bc7ba93515b0a08655d85854ae6afe567dab6651c39d5f2792f0408290da
SERVER_HANDSHAKE_TRAFFIC_SECRET d676fa6f39470020c2dd24042a0ef45c86aafe79e057530f636c46332a266eb7 ab98054bafb53edfdbc80c588f6d209507873f9b5a2ae2cacf36ce546297753a
CLIENT_TRAFFIC_SECRET_0 d676fa6f39470020c2dd24042a0ef45c86aafe79e057530f636c46332a266eb7 468276fe7b99c348c1276db883f7868deef09764be0c3e1371e546ab20c876fe
SERVER_TRAFFIC_SECRET_0 d676fa6f39470020c2dd24042a0ef45c86aafe79e057530f636c46332a266eb7 7fec65ebdf56ddd71409d572331e6797c1e0e0357b343cccf43038c414045d36
EXPORTER_SECRET d676fa6f39470020c2dd24042a0ef45c86aafe79e057530f636c46332a266eb7 7eda44485f092a71f3ef510dcb055701731356aab0cd519027033bee2538254c
CLIENT_HANDSHAKE_TRAFFIC_SECRET 2502c1fc5d3d5ec2ffd12e85cd04a000203aca13833db81e4c30f775231d3f56 88bbe54682fc272e2ee0e20806c579f87fa7bc930e6970a8eaa8b29adcfa064c
SERVER_HANDSHAKE_TRAFFIC_SECRET 2502c1fc5d3d5ec2ffd12e85cd04a000203aca13833db81e4c30f775231d3f56 4662eecb473b726797031c5fd848a2e98ff96790ee476759162d30b29769c2ad
CLIENT_TRAFFIC_SECRET_0 2502c1fc5d3d5ec2ffd12e85cd04a000203aca13833db81e4c30f775231d3f56 ff998ffe2b16073cf50a5734fef1df41f2506b653d51b179e73b787bdeb0d936
SERVER_TRAFFIC_SECRET_0 2502c1fc5d3d5ec2ffd12e85cd04a000203aca13833db81e4c30f775231d3f56 a70ddeb1254c6246f8863bfa83ec1c4c485c389439c295bbfc079dcc71046a62
EXPORTER_SECRET 2502c1fc5d3d5ec2ffd12e85cd04a000203aca13833db81e4c30f775231d3f56 5a4e85d066e97aa06d27a89fd1f9c586dd97f0831e5872d6fac814ccbcb78143
CLIENT_HANDSHAKE_TRAFFIC_SECRET 8d8d49ad6f312e31bb87b5e3c5e2e68742b9722ba53484d6bdc866670cecbf57 183c310c1bfd93afe482c854fa2ca02fdc2cba6c969c7e12bba7fc17b29662e1
SERVER_HANDSHAKE_TRAFFIC_SECRET 8d8d49ad6f312e31bb87b5e3c5e2e68742b9722ba53484d6bdc866670cecbf57 5a8c02911663e048cffaeba0fbd24a7bdb418d9b54afbfea052f8dc3fbdd1f56
CLIENT_TRAFFIC_SECRET_0 8d8d49ad6f312e31bb87b5e3c5e2e68742b9722ba53484d6bdc866670cecbf57 4574cb32a626e986d648cc0fc2b0de261b8fc3b2de6377e644e886566ca7a030
SERVER_TRAFFIC_SECRET_0 8d8d49ad6f312e31bb87b5e3c5e2e68742b9722ba53484d6bdc866670cecbf57 fd97a5642757785fe8892b77f914cd797fe9335fba69260a4c7157c14dd15393
EXPORTER_SECRET 8d8d49ad6f312e31bb87b5e3c5e2e68742b9722ba53484d6bdc866670cecbf57 e7a0a2fc8dbdf529a0251599d1250a0adb979b9dc6bec65c4fdc7766baf3cc5a
CLIENT_HANDSHAKE_TRAFFIC_SECRET 4937f702978efbbdbc8e8a8c679c8fad5325b19b2867043549b18ace521b698c b7bac51682993cc0effe100336e725547c8925005b5dab6d4c3199f17ae6a659
SERVER_HANDSHAKE_TRAFFIC_SECRET 4937f702978efbbdbc8e8a8c679c8fad5325b19b2867043549b18ace521b698c abbd675e911b6decbc37fec236823cd84a849bc12f454ef2f82bacdc12148f69
CLIENT_TRAFFIC_SECRET_0 4937f702978efbbdbc8e8a8c679c8fad5325b19b2867043549b18ace521b698c 613a3a9aaa059fd5518754f4e449f7062d7586faca247c5f40402c5e8d680847
SERVER_TRAFFIC_SECRET_0 4937f702978efbbdbc8e8a8c679c8fad5325b19b2867043549b18ace521b698c 968db19a73346ee6b2dae3bc229888d24550c9f6f379e47272c46b5658ac41b9
EXPORTER_SECRET 4937f702978efbbdbc8e8a8c679c8fad5325b19b2867043549b18ace521b698c 86d71895f4c03e3cbbd07dec32ab72144df2675610b09c75ba1bbdbc491f1933
CLIENT_HANDSHAKE_TRAFFIC_SECRET 8474e0caa73e583b7a291aeb725fc5d7a2f435e4da79ee79177c7f4d8eff4852 cb46e57f96cd1d7b3cb53e56ba506dafef4f6cdda7fdea67b7f8715820bcdd49
SERVER_HANDSHAKE_TRAFFIC_SECRET 8474e0caa73e583b7a291aeb725fc5d7a2f435e4da79ee79177c7f4d8eff4852 4eaa3fe9d66fe9e0ea069b379edc613985ccd5d457ee9cc1ad4a9b373d6938b5
CLIENT_TRAFFIC_SECRET_0 8474e0caa73e583b7a291aeb725fc5d7a2f435e4da79ee79177c7f4d8eff4852 04db704be820dee8a953baa727ac45ac1f39b9c94db5306bd2f56cc35ad1a5aa
SERVER_TRAFFIC_SECRET_0 8474e0caa73e583b7a291aeb725fc5d7a2f435e4da79ee79177c7f4d8eff4852 ef81c013be8ec13f859c46acf64ede420899adc54c2451943c0f21a2f925187f
EXPORTER_SECRET 8474e0caa73e583b7a291aeb725fc5d7a2f435e4da79ee79177c7f4d8eff4852 d982c06e88fd4f3227ba5ffbc6af3ba99be4ba40cddff42ea1397f5874dde078
CLIENT_HANDSHAKE_TRAFFIC_SECRET 4ec54f079cb1540836a4691c1b8dbaee601882946522eaf39b4f13d346c4ac6e 9a2c39946f1e47b6d5f6016b35c8d952671bd9df8e13ff376e1a728a208c522a
SERVER_HANDSHAKE_TRAFFIC_SECRET 4ec54f079cb1540836a4691c1b8dbaee601882946522eaf39b4f13d346c4ac6e eadb766ec313b480ef84b3a723955e90534a01714b4be9e416fce95f6849af64
CLIENT_TRAFFIC_SECRET_0 4ec54f079cb1540836a4691c1b8dbaee601882946522eaf39b4f13d346c4ac6e 8688c5a7f0bb38128d0f71fcf6498a475776d3c3372d0b7b67bee360ac6e3a73
SERVER_TRAFFIC_SECRET_0 4ec54f079cb1540836a4691c1b8dbaee601882946522eaf39b4f13d346c4ac6e 016fde5665b8bd3c82dac283dedd52839f5502a009ccfc4e3eb384b762f3a75b
EXPORTER_SECRET 4ec54f079cb1540836a4691c1b8dbaee601882946522eaf39b4f13d346c4ac6e 870c25abb9f7d5b8ddd19947e661c689b4553c876168af4666ce6e4be48470ba
CLIENT_HANDSHAKE_TRAFFIC_SECRET cb3161f5ccac2ea9ab7c09dc1ae9c7ac55bf9ec30ed269402fd674703942073c 72365c7cf60453e1de453abd3dbf9195f3c40dd5206abab501211e1ec1f05495
SERVER_HANDSHAKE_TRAFFIC_SECRET cb3161f5ccac2ea9ab7c09dc1ae9c7ac55bf9ec30ed269402fd674703942073c 71d0bcaba415721b38a8ea26b271c70f8e15a4adb6da1e514caffa8fac862a13
CLIENT_TRAFFIC_SECRET_0 cb3161f5ccac2ea9ab7c09dc1ae9c7ac55bf9ec30ed269402fd674703942073c c10539b5080a81cb7068bdde226cc084c75d24f2a9d44f30c062ca433051a04b
SERVER_TRAFFIC_SECRET_0 cb3161f5ccac2ea9ab7c09dc1ae9c7ac55bf9ec30ed269402fd674703942073c 440b29242f6b42129403bc583eb13096e14576e618649a15f89f8c03168a6b58
EXPORTER_SECRET cb3161f5ccac2ea9ab7c09dc1ae9c7ac55bf9ec30ed269402fd674703942073c 39948a21c6dc392098274e4f2cd5dede11667cfb8762215f8234f79816d1c1a0
CLIENT_RANDOM 36a36510b1cf46a42422687d44d32d26d30c2070c3b545845e67846925546f88 0b9de411b6819d10c4d9b8ccaf15f13b05621c1e2eb1134753767ea8d120c0e8ae1c059035cf5f418a173947eee24a1f
CLIENT_RANDOM f1fb10be14974753316e8051a45a202e45a04e6e72f4e8665b8dcbc2ad2c8892 9c3e621a0d94cff2d70e9b309f062f763a4182a141286c260d92e6cd3b20474d32219e01591e1233967d17c39ea4d130
CLIENT_RANDOM 30e82e626823301cdcd4a0a09ee73c56444ca25963d138efabc8612d282600a1 0b9de411b6819d10c4d9b8ccaf15f13b05621c1e2eb1134753767ea8d120c0e8ae1c059035cf5f418a173947eee24a1f
CLIENT_HANDSHAKE_TRAFFIC_SECRET 6a4c568c43a862364399dfb74c7d87d843b25314ec18e1809c3614a5cbe809cf 3e75a62b59de0e3254741f4afc86ee9a41fcb87a623a4da94b1035e0202a1bd7
SERVER_HANDSHAKE_TRAFFIC_SECRET 6a4c568c43a862364399dfb74c7d87d843b25314ec18e1809c3614a5cbe809cf 4cdc61220296d5f76ba141dba8dc9627a8f7330874d816f6189df62f47dfaf23
CLIENT_TRAFFIC_SECRET_0 6a4c568c43a862364399dfb74c7d87d843b25314ec18e1809c3614a5cbe809cf 1a354477a3f22ccab04c6ae6f23c39f4725a4b86a93b1cea4a5ac1774f3e08ed
SERVER_TRAFFIC_SECRET_0 6a4c568c43a862364399dfb74c7d87d843b25314ec18e1809c3614a5cbe809cf d194cd2ffc831e0bcd7a0843ba813bb458d73afecebd568752a444547acfc84b
EXPORTER_SECRET 6a4c568c43a862364399dfb74c7d87d843b25314ec18e1809c3614a5cbe809cf ee691ea55c104e09297fcc925689974297641ed4fb6d082755cb98a5da8d583a
CLIENT_HANDSHAKE_TRAFFIC_SECRET 01bdba3ad4aff3d31c8737063d5b8b3681227b7b25a9bea63dcfbf1bae6e31f3 ef5dbe018572f26bfa0790804b9090774aea7efd4f3a5150b309795daca88943
SERVER_HANDSHAKE_TRAFFIC_SECRET 01bdba3ad4aff3d31c8737063d5b8b3681227b7b25a9bea63dcfbf1bae6e31f3 5de8f7310af0b97a5042ab40ddbd92d7bd892151fcbc37ef5a308ee492e81a21
CLIENT_TRAFFIC_SECRET_0 01bdba3ad4aff3d31c8737063d5b8b3681227b7b25a9bea63dcfbf1bae6e31f3 e0155cd214a66a55e0e6a07eb4b60339619341002c29ac33650a1d3578a2494b
SERVER_TRAFFIC_SECRET_0 01bdba3ad4aff3d31c8737063d5b8b3681227b7b25a9bea63dcfbf1bae6e31f3 8532b2fdc4eacaa070583195252ba276496ac9d180edfd3a423ca5a044f22df8
EXPORTER_SECRET 01bdba3ad4aff3d31c8737063d5b8b3681227b7b25a9bea63dcfbf1bae6e31f3 ce7ac3ed0f73d92fc477297db458708324fcf352b6a05885938725952e92da76
CLIENT_HANDSHAKE_TRAFFIC_SECRET b6985560b0e73dc343f78bde881bf16d167de084476b018d6ca67d85282ab26e 4dc32f04111dfca98df7a0c2b8cec9dc7ef477c49e8e56b1c3f359f00be491ab
SERVER_HANDSHAKE_TRAFFIC_SECRET b6985560b0e73dc343f78bde881bf16d167de084476b018d6ca67d85282ab26e 54c0b9eae86bda516061c48492f52c2185f7a626a031bb88a18c88ddd6b02722
CLIENT_TRAFFIC_SECRET_0 b6985560b0e73dc343f78bde881bf16d167de084476b018d6ca67d85282ab26e d60fadd3787fb9a9f96057fe6100da431110bc93f11c890110e0281027ce3172
SERVER_TRAFFIC_SECRET_0 b6985560b0e73dc343f78bde881bf16d167de084476b018d6ca67d85282ab26e 431478d87127b2f6d8a13f18c0661c5700f4dfd82b3aeb8ea5523d40928c025e
EXPORTER_SECRET b6985560b0e73dc343f78bde881bf16d167de084476b018d6ca67d85282ab26e c6c1545e4c65e396efc49ef5d2c74055b17e57acbfed7e8d03ee9cd5c55a2f5b
CLIENT_HANDSHAKE_TRAFFIC_SECRET 749fb593ef9d2ab5f5ffdd3af7db866336185473cc4ee449779f68533ea56d02 6b09d1f0ea8f3b4efaf248f7436e0fccf608b4dcfc79a9f9801632e03ae169a5
SERVER_HANDSHAKE_TRAFFIC_SECRET 749fb593ef9d2ab5f5ffdd3af7db866336185473cc4ee449779f68533ea56d02 fe78a732467c34ae6950020845e1a4ec2ae4a779ff505569110acc54f7eff0b9
CLIENT_TRAFFIC_SECRET_0 749fb593ef9d2ab5f5ffdd3af7db866336185473cc4ee449779f68533ea56d02 3b42388155a5ed239808aa051940735c4778e85c040ae79e7736f92ac33401fb
SERVER_TRAFFIC_SECRET_0 749fb593ef9d2ab5f5ffdd3af7db866336185473cc4ee449779f68533ea56d02 3619ec289bfb5ae0290030833277f31b900f62b392dc707b821ffb6c72cca3cf
EXPORTER_SECRET 749fb593ef9d2ab5f5ffdd3af7db866336185473cc4ee449779f68533ea56d02 1254b1949f343ac3536ec69013705c1391c68372e02f4dd7ae166cae245a40e6
CLIENT_RANDOM c09bba37d55b16efbd3c5aa84c28a6e2deb53d2b58095d6f8cb03b0a0b55edf0 4799906aef96c3627ade69ba3195ee921157cc6a3577bec52d2d7bc26aad4300a12a8d8c64b580ab5f4c98c345bfcb0c
CLIENT_RANDOM c2b1a3c6e4770dd8b98c1cc49e25cd8c426597c007476eb9ea5437976c28c53a 4799906aef96c3627ade69ba3195ee921157cc6a3577bec52d2d7bc26aad4300a12a8d8c64b580ab5f4c98c345bfcb0c
CLIENT_RANDOM 2d602b23a3858a1e76f6cce7b1c5eb5b5d0c89c2c2bc5aa611e8dc8a64483e22 4799906aef96c3627ade69ba3195ee921157cc6a3577bec52d2d7bc26aad4300a12a8d8c64b580ab5f4c98c345bfcb0c
CLIENT_RANDOM 2ce2d8a47322e95d3f92cc0b8e81d207cbeb0afbdcb1260393ec4b9671618f7e 4799906aef96c3627ade69ba3195ee921157cc6a3577bec52d2d7bc26aad4300a12a8d8c64b580ab5f4c98c345bfcb0c
CLIENT_RANDOM 5ddcb932ceadc37fe9a826805ada03bad35fa20e5a81ceab102fa56793d69eb9 4799906aef96c3627ade69ba3195ee921157cc6a3577bec52d2d7bc26aad4300a12a8d8c64b580ab5f4c98c345bfcb0c
CLIENT_HANDSHAKE_TRAFFIC_SECRET c91fe1fef3f6222ca1fa88edd636453f5202784938faaeec2e09be9b48e50a11 407d5dcb4c14dcb48689a2ce0096e977cbbc0d4c7fdf9af3285064fb9b28bce3
SERVER_HANDSHAKE_TRAFFIC_SECRET c91fe1fef3f6222ca1fa88edd636453f5202784938faaeec2e09be9b48e50a11 333d5518aa6cdca9b1db726bc4e838aa3d756570c8e6d69a115b80f550c9d24a
CLIENT_TRAFFIC_SECRET_0 c91fe1fef3f6222ca1fa88edd636453f5202784938faaeec2e09be9b48e50a11 afc4a8e151bb2bac005290405c4ab732e0667d3ded9969a8876f27b5674ada0d
SERVER_TRAFFIC_SECRET_0 c91fe1fef3f6222ca1fa88edd636453f5202784938faaeec2e09be9b48e50a11 e5aa357e135911ff121af0f5f44663c04262e47580eb4bbcd23e9dafbf132ae6
EXPORTER_SECRET c91fe1fef3f6222ca1fa88edd636453f5202784938faaeec2e09be9b48e50a11 8f48a041fe623d1d563abe421388c029facbe1cc8bbfa8603a94e6b8363105c3
CLIENT_HANDSHAKE_TRAFFIC_SECRET 583497620ae8a2da1c6ba0e6d246fb7cb95cf09184a72645ddcff4664fa15d95 5784c11c02331e7967b9356c527e299e200183899315a1485d4dbc9e3d0086cc
SERVER_HANDSHAKE_TRAFFIC_SECRET 583497620ae8a2da1c6ba0e6d246fb7cb95cf09184a72645ddcff4664fa15d95 239530287aab01ba6c08049fb8b3f7498bed84825a3fc165570731af85ab59bf
CLIENT_TRAFFIC_SECRET_0 583497620ae8a2da1c6ba0e6d246fb7cb95cf09184a72645ddcff4664fa15d95 5cfdb73f9eeb762b8e3ee97634bb986011a41a415682e64ed02aefcb354ecbe3
SERVER_TRAFFIC_SECRET_0 583497620ae8a2da1c6ba0e6d246fb7cb95cf09184a72645ddcff4664fa15d95 c520aa1ff09fec023243f72f24d59414e1e1616b5e5a8f427f5bcb9c77b66c7c
EXPORTER_SECRET 583497620ae8a2da1c6ba0e6d246fb7cb95cf09184a72645ddcff4664fa15d95 931a787fb711fc98d1ec148de59e05d7cfe1dbc07746808f0aaf07a88ece7b49
CLIENT_HANDSHAKE_TRAFFIC_SECRET 02f365d0e01ce9a08f7f3067408626221d8b2528494ec7b2abedd95e53fa499b 2b92526064663f79ce00fe4f42c1d5f61c8329e6fe2faec9b21088f0c4635d66
SERVER_HANDSHAKE_TRAFFIC_SECRET 02f365d0e01ce9a08f7f3067408626221d8b2528494ec7b2abedd95e53fa499b 6f69ba19570a27feb149ca192707ad692689d22a98515de0616387a2fa302455
CLIENT_TRAFFIC_SECRET_0 02f365d0e01ce9a08f7f3067408626221d8b2528494ec7b2abedd95e53fa499b 289c5e2831a42dc4c6b2edfcf5190043be566fed1b686e7506afb4f6f8041277
SERVER_TRAFFIC_SECRET_0 02f365d0e01ce9a08f7f3067408626221d8b2528494ec7b2abedd95e53fa499b 4d148979e90d249c83dd4293a210d300a36e3d52e998b75864eb5929d837dc5e
EXPORTER_SECRET 02f365d0e01ce9a08f7f3067408626221d8b2528494ec7b2abedd95e53fa499b f9ed459b8b0e524021567acbfd52b881fc934dd6f71b624bc1ba35926e8932ad
CLIENT_HANDSHAKE_TRAFFIC_SECRET fd3cd9102c7bcd79780b4f62d16eddb256e6458ba256eb145526b79978a44f4c bfdf31fe6ee47fab843e64ae5c5d9f26a1825a0a77ff31fdd2340ad101eb3cd4
SERVER_HANDSHAKE_TRAFFIC_SECRET fd3cd9102c7bcd79780b4f62d16eddb256e6458ba256eb145526b79978a44f4c da354338c8369eea520a9fcf4c1246f03f7228c2587e20b901f0e7e6f26a3995
CLIENT_TRAFFIC_SECRET_0 fd3cd9102c7bcd79780b4f62d16eddb256e6458ba256eb145526b79978a44f4c 15cb51f40c9274dd876823dee48290c2da478df31395229a7e778fcba5a7318b
SERVER_TRAFFIC_SECRET_0 fd3cd9102c7bcd79780b4f62d16eddb256e6458ba256eb145526b79978a44f4c 73ddaec8586678c99b21943a6be042b87c713388ead7f5e5455a66247459eb67
EXPORTER_SECRET fd3cd9102c7bcd79780b4f62d16eddb256e6458ba256eb145526b79978a44f4c 3180743c7a20101984cf83134e5dc36fce6eb4af53322c366cd74d3123ee3996
